MusicPlayer/build/outputs/logs/manifest-merger-debug-report.txt
-- Merging decision tree log ---
manifest
ADDED from enjoymusic\MusicPlayer\AndroidManifest.xml:2:1-112:12
	xmlns:android
		ADDED from enjoymusic\MusicPlayer\AndroidManifest.xml:2:11-69
	package
		ADDED from enjoymusic\MusicPlayer\AndroidManifest.xml:3:5-40
	android:versionName
		ADDED from enjoymusic\MusicPlayer\AndroidManifest.xml:6:5-35
		INJECTED from enjoymusic\MusicPlayer\AndroidManifest.xml
		INJECTED from enjoymusic\MusicPlayer\AndroidManifest.xml
	android:versionCode
		ADDED from enjoymusic\MusicPlayer\AndroidManifest.xml:5:5-32
		INJECTED from enjoymusic\MusicPlayer\AndroidManifest.xml
		INJECTED from enjoymusic\MusicPlayer\AndroidManifest.xml
	android:installLocation
		ADDED from enjoymusic\MusicPlayer\AndroidManifest.xml:4:5-45
uses-sdk
ADDED from enjoymusic\MusicPlayer\AndroidManifest.xml:8:5-10:41
MERGED from [com.android.support:appcompat-v7:23.3.0] AndroidManifest.xml:21:5-23:78
MERGED from [com.android.support:support-vector-drawable:23.3.0] AndroidManifest.xml:5:5-43
MERGED from [com.android.support:support-v4:23.3.0] AndroidManifest.xml:20:5-43
MERGED from [com.android.support:animated-vector-drawable:23.3.0] AndroidManifest.xml:5:5-44
MERGED from [com.android.support:support-vector-drawable:23.3.0] AndroidManifest.xml:5:5-43
MERGED from [com.android.support:support-v4:23.3.0] AndroidManifest.xml:20:5-43
MERGED from [com.android.support:support-v4:23.3.0] AndroidManifest.xml:20:5-43
MERGED from [tv.danmaku.ijk.media:ijkplayer-java:0.5.1] AndroidManifest.xml:5:5-7:41
MERGED from [tv.danmaku.ijk.media:ijkplayer-armv7a:0.5.1] AndroidManifest.xml:5:5-7:41
MERGED from [com.android.support:support-v4:23.3.0] AndroidManifest.xml:20:5-43
	android:targetSdkVersion
		ADDED from enjoymusic\MusicPlayer\AndroidManifest.xml:10:9-38
	android:minSdkVersion
		ADDED from enjoymusic\MusicPlayer\AndroidManifest.xml:9:9-35
	tools:overrideLibrary
		ADDED from [com.android.support:appcompat-v7:23.3.0] AndroidManifest.xml:23:9-75
uses-permission#android.permission.ACCESS_NETWORK_STATE
ADDED from enjoymusic\MusicPlayer\AndroidManifest.xml:13:5-79
	android:name
		ADDED from enjoymusic\MusicPlayer\AndroidManifest.xml:13:22-76
uses-permission#android.permission.ACCESS_WIFI_STATE
ADDED from enjoymusic\MusicPlayer\AndroidManifest.xml:14:5-76
	android:name
		ADDED from enjoymusic\MusicPlayer\AndroidManifest.xml:14:22-73
uses-permission#android.permission.INTERNET
ADDED from enjoymusic\MusicPlayer\AndroidManifest.xml:15:5-67
	android:name
		ADDED from enjoymusic\MusicPlayer\AndroidManifest.xml:15:22-64
uses-permission#android.permission.READ_PHONE_STATE
ADDED from enjoymusic\MusicPlayer\AndroidManifest.xml:16:5-75
	android:name
		ADDED from enjoymusic\MusicPlayer\AndroidManifest.xml:16:22-72
uses-permission#android.permission.WRITE_EXTERNAL_STORAGE
ADDED from enjoymusic\MusicPlayer\AndroidManifest.xml:18:5-81
	android:name
		ADDED from enjoymusic\MusicPlayer\AndroidManifest.xml:18:22-78
uses-permission#android.permission.WAKE_LOCK
ADDED from enjoymusic\MusicPlayer\AndroidManifest.xml:21:5-68
	android:name
		ADDED from enjoymusic\MusicPlayer\AndroidManifest.xml:21:22-65
uses-permission#android.permission.MOUNT_UNMOUNT_FILESYSTEMS
ADDED from enjoymusic\MusicPlayer\AndroidManifest.xml:23:5-84
	android:name
		ADDED from enjoymusic\MusicPlayer\AndroidManifest.xml:23:22-81
uses-permission#android.permission.WRITE_SETTINGS
ADDED from enjoymusic\MusicPlayer\AndroidManifest.xml:26:5-73
	android:name
		ADDED from enjoymusic\MusicPlayer\AndroidManifest.xml:26:22-70
android:uses-permission#android.permission.READ_EXTERNAL_STORAGE
ADDED from enjoymusic\MusicPlayer\AndroidManifest.xml:28:5-88
	android:name
		ADDED from enjoymusic\MusicPlayer\AndroidManifest.xml:28:30-85
application
ADDED from enjoymusic\MusicPlayer\AndroidManifest.xml:30:5-110:19
MERGED from [com.android.support:appcompat-v7:23.3.0] AndroidManifest.xml:25:5-20
MERGED from [com.android.support:support-vector-drawable:23.3.0] AndroidManifest.xml:7:5-20
MERGED from [com.android.support:support-v4:23.3.0] AndroidManifest.xml:22:5-20
MERGED from [com.android.support:animated-vector-drawable:23.3.0] AndroidManifest.xml:7:5-20
MERGED from [com.android.support:support-vector-drawable:23.3.0] AndroidManifest.xml:7:5-20
MERGED from [com.android.support:support-v4:23.3.0] AndroidManifest.xml:22:5-20
MERGED from [com.android.support:support-v4:23.3.0] AndroidManifest.xml:22:5-20
MERGED from [com.android.support:support-v4:23.3.0] AndroidManifest.xml:22:5-20
	android:label
		ADDED from enjoymusic\MusicPlayer\AndroidManifest.xml:33:9-41
	android:allowBackup
		ADDED from enjoymusic\MusicPlayer\AndroidManifest.xml:31:9-35
	android:icon
		ADDED from enjoymusic\MusicPlayer\AndroidManifest.xml:32:9-38
	android:theme
		ADDED from enjoymusic\MusicPlayer\AndroidManifest.xml:34:9-40
activity#org.app.enjoy.musicplayer.MainActivity
ADDED from enjoymusic\MusicPlayer\AndroidManifest.xml:35:9-41:20
	android:screenOrientation
		ADDED from enjoymusic\MusicPlayer\AndroidManifest.xml:39:13-49
	android:label
		ADDED from enjoymusic\MusicPlayer\AndroidManifest.xml:38:13-45
	android:theme
		ADDED from enjoymusic\MusicPlayer\AndroidManifest.xml:40:13-60
	android:exported
		ADDED from enjoymusic\MusicPlayer\AndroidManifest.xml:37:13-36
	android:name
		ADDED from enjoymusic\MusicPlayer\AndroidManifest.xml:36:13-41
activity#org.app.enjoy.musicplayer.MusicListActivity
ADDED from enjoymusic\MusicPlayer\AndroidManifest.xml:43:9-46:72
	android:screenOrientation
		ADDED from enjoymusic\MusicPlayer\AndroidManifest.xml:45:13-49
	android:theme
		ADDED from enjoymusic\MusicPlayer\AndroidManifest.xml:46:13-60
	android:name
		ADDED from enjoymusic\MusicPlayer\AndroidManifest.xml:44:13-46
activity#org.app.enjoy.musicplayer.FavroiteActivity
ADDED from enjoymusic\MusicPlayer\AndroidManifest.xml:47:9-50:72
	android:screenOrientation
		ADDED from enjoymusic\MusicPlayer\AndroidManifest.xml:49:13-49
	android:theme
		ADDED from enjoymusic\MusicPlayer\AndroidManifest.xml:50:13-60
	android:name
		ADDED from enjoymusic\MusicPlayer\AndroidManifest.xml:48:13-45
activity#org.app.enjoy.musicplayer.MusicOnlineActivity
ADDED from enjoymusic\MusicPlayer\AndroidManifest.xml:51:9-54:72
	android:screenOrientation
		ADDED from enjoymusic\MusicPlayer\AndroidManifest.xml:53:13-49
	android:theme
		ADDED from enjoymusic\MusicPlayer\AndroidManifest.xml:54:13-60
	android:name
		ADDED from enjoymusic\MusicPlayer\AndroidManifest.xml:52:13-48
activity#org.app.enjoy.musicplayer.SkinSettingActivity
ADDED from enjoymusic\MusicPlayer\AndroidManifest.xml:55:9-58:78
	android:screenOrientation
		ADDED from enjoymusic\MusicPlayer\AndroidManifest.xml:57:13-49
	android:theme
		ADDED from enjoymusic\MusicPlayer\AndroidManifest.xml:58:13-66
	android:name
		ADDED from enjoymusic\MusicPlayer\AndroidManifest.xml:56:13-48
activity#org.app.enjoy.musicplayer.PlayMusicActivity
ADDED from enjoymusic\MusicPlayer\AndroidManifest.xml:59:9-68:20
	android:screenOrientation
		ADDED from enjoymusic\MusicPlayer\AndroidManifest.xml:61:13-49
	android:theme
		ADDED from enjoymusic\MusicPlayer\AndroidManifest.xml:62:13-66
	android:name
		ADDED from enjoymusic\MusicPlayer\AndroidManifest.xml:60:13-46
intent-filter#android.intent.action.MAIN+android.intent.category.LAUNCHER
ADDED from enjoymusic\MusicPlayer\AndroidManifest.xml:63:13-67:29
action#android.intent.action.MAIN
ADDED from enjoymusic\MusicPlayer\AndroidManifest.xml:64:17-69
	android:name
		ADDED from enjoymusic\MusicPlayer\AndroidManifest.xml:64:25-66
category#android.intent.category.LAUNCHER
ADDED from enjoymusic\MusicPlayer\AndroidManifest.xml:66:17-77
	android:name
		ADDED from enjoymusic\MusicPlayer\AndroidManifest.xml:66:27-74
service#org.app.enjoy.music.service.MusicService
ADDED from enjoymusic\MusicPlayer\AndroidManifest.xml:69:9-73:19
	android:name
		ADDED from enjoymusic\MusicPlayer\AndroidManifest.xml:69:18-73
intent-filter#com.app.media.MUSIC_SERVICE
ADDED from enjoymusic\MusicPlayer\AndroidManifest.xml:70:13-72:29
action#com.app.media.MUSIC_SERVICE
ADDED from enjoymusic\MusicPlayer\AndroidManifest.xml:71:17-70
	android:name
		ADDED from enjoymusic\MusicPlayer\AndroidManifest.xml:71:25-67
activity#org.app.enjoy.musicplayer.AboutActivity
ADDED from enjoymusic\MusicPlayer\AndroidManifest.xml:75:9-78:63
	android:screenOrientation
		ADDED from enjoymusic\MusicPlayer\AndroidManifest.xml:77:13-49
	android:theme
		ADDED from enjoymusic\MusicPlayer\AndroidManifest.xml:78:13-60
	android:name
		ADDED from enjoymusic\MusicPlayer\AndroidManifest.xml:76:13-42
receiver#org.app.enjoy.musicplayer.AppWidget
ADDED from enjoymusic\MusicPlayer\AndroidManifest.xml:80:9-92:20
	android:name
		ADDED from enjoymusic\MusicPlayer\AndroidManifest.xml:80:19-44
meta-data#android.appwidget.provider
ADDED from enjoymusic\MusicPlayer\AndroidManifest.xml:81:13-83:61
	android:resource
		ADDED from enjoymusic\MusicPlayer\AndroidManifest.xml:83:17-58
	android:name
		ADDED from enjoymusic\MusicPlayer\AndroidManifest.xml:82:17-58
intent-filter#android.appwidget.action.APPWIDGET_UPDATE+com.app.musictitle+com.app.pause+com.app.play+com.app.playmusic
ADDED from enjoymusic\MusicPlayer\AndroidManifest.xml:85:13-91:29
action#android.appwidget.action.APPWIDGET_UPDATE
ADDED from enjoymusic\MusicPlayer\AndroidManifest.xml:86:17-84
	android:name
		ADDED from enjoymusic\MusicPlayer\AndroidManifest.xml:86:25-81
action#com.app.playmusic
ADDED from enjoymusic\MusicPlayer\AndroidManifest.xml:87:17-60
	android:name
		ADDED from enjoymusic\MusicPlayer\AndroidManifest.xml:87:25-57
action#com.app.pause
ADDED from enjoymusic\MusicPlayer\AndroidManifest.xml:88:17-56
	android:name
		ADDED from enjoymusic\MusicPlayer\AndroidManifest.xml:88:25-53
action#com.app.play
ADDED from enjoymusic\MusicPlayer\AndroidManifest.xml:89:17-55
	android:name
		ADDED from enjoymusic\MusicPlayer\AndroidManifest.xml:89:25-52
action#com.app.musictitle
ADDED from enjoymusic\MusicPlayer\AndroidManifest.xml:90:17-61
	android:name
		ADDED from enjoymusic\MusicPlayer\AndroidManifest.xml:90:25-58
meta-data#UMENG_APPKEY
ADDED from enjoymusic\MusicPlayer\AndroidManifest.xml:94:9-96:56
	android:name
		ADDED from enjoymusic\MusicPlayer\AndroidManifest.xml:95:13-40
	android:value
		ADDED from enjoymusic\MusicPlayer\AndroidManifest.xml:96:13-53
meta-data#UMENG_CHANNEL
ADDED from enjoymusic\MusicPlayer\AndroidManifest.xml:97:9-99:42
	android:name
		ADDED from enjoymusic\MusicPlayer\AndroidManifest.xml:98:13-41
	android:value
		ADDED from enjoymusic\MusicPlayer\AndroidManifest.xml:99:13-39
activity#org.app.enjoy.musicplayer.MusicActivity
ADDED from enjoymusic\MusicPlayer\AndroidManifest.xml:101:9-105:62
	android:screenOrientation
		ADDED from enjoymusic\MusicPlayer\AndroidManifest.xml:104:13-49
	android:label
		ADDED from enjoymusic\MusicPlayer\AndroidManifest.xml:103:13-45
	android:theme
		ADDED from enjoymusic\MusicPlayer\AndroidManifest.xml:105:13-60
	android:exported
		ADDED from enjoymusic\MusicPlayer\AndroidManifest.xml:102:13-36
	android:name
		ADDED from enjoymusic\MusicPlayer\AndroidManifest.xml:101:19-48
provider#org.app.enjoy.music.db.DataBaseContent
ADDED from enjoymusic\MusicPlayer\AndroidManifest.xml:107:9-109:60
	android:authorities
		ADDED from enjoymusic\MusicPlayer\AndroidManifest.xml:109:13-58
	android:name
		ADDED from enjoymusic\MusicPlayer\AndroidManifest.xml:108:13-66